<?xml version="1.0" encoding="UTF-8"?>
<testng-results skipped="0" failed="0" ignored="0" total="6" passed="6">
  <reporter-output>
  </reporter-output>
  <suite name="Suite" duration-ms="140703" started-at="2022-05-26T18:40:23 IST" finished-at="2022-05-26T18:42:43 IST">
    <groups>
    </groups>
    <test name="Test" duration-ms="140703" started-at="2022-05-26T18:40:23 IST" finished-at="2022-05-26T18:42:43 IST">
      <class name="TestMavenCheck.Test.CartPageTest">
        <test-method status="PASS" signature="launchBrowser()[pri:0, instance:TestMavenCheck.Test.CartPageTest@453da22c]" name="launchBrowser" is-config="true" duration-ms="15097" started-at="2022-05-26T18:42:15 IST" finished-at="2022-05-26T18:42:30 IST">
          <reporter-output>
          </reporter-output>
        </test-method> <!-- launchBrowser -->
        <test-method status="PASS" signature="varifyItemInCart()[pri:0, instance:TestMavenCheck.Test.CartPageTest@453da22c]" name="varifyItemInCart" duration-ms="12318" started-at="2022-05-26T18:42:30 IST" finished-at="2022-05-26T18:42:42 IST">
          <reporter-output>
          </reporter-output>
        </test-method> <!-- varifyItemInCart -->
        <test-method status="PASS" signature="pageObjects()[pri:0, instance:TestMavenCheck.Test.CartPageTest@453da22c]" name="pageObjects" is-config="true" duration-ms="0" started-at="2022-05-26T18:42:30 IST" finished-at="2022-05-26T18:42:30 IST">
          <reporter-output>
          </reporter-output>
        </test-method> <!-- pageObjects -->
        <test-method status="PASS" signature="pageObjects()[pri:0, instance:TestMavenCheck.Test.CartPageTest@453da22c]" name="pageObjects" is-config="true" duration-ms="6" started-at="2022-05-26T18:42:42 IST" finished-at="2022-05-26T18:42:42 IST">
          <reporter-output>
          </reporter-output>
        </test-method> <!-- pageObjects -->
        <test-method status="PASS" signature="varifyPlaceOrderBtnEnabled()[pri:0, instance:TestMavenCheck.Test.CartPageTest@453da22c]" name="varifyPlaceOrderBtnEnabled" duration-ms="76" started-at="2022-05-26T18:42:42 IST" finished-at="2022-05-26T18:42:42 IST">
          <reporter-output>
          </reporter-output>
        </test-method> <!-- varifyPlaceOrderBtnEnabled -->
        <test-method status="PASS" signature="tearDownBrowser()[pri:0, instance:TestMavenCheck.Test.CartPageTest@453da22c]" name="tearDownBrowser" is-config="true" duration-ms="1251" started-at="2022-05-26T18:42:42 IST" finished-at="2022-05-26T18:42:43 IST">
          <reporter-output>
          </reporter-output>
        </test-method> <!-- tearDownBrowser -->
      </class> <!-- TestMavenCheck.Test.CartPageTest -->
      <class name="TestMavenCheck.Test.ProductPageTest">
        <test-method status="PASS" signature="launchBrowser()[pri:0, instance:TestMavenCheck.Test.ProductPageTest@16267862]" name="launchBrowser" is-config="true" duration-ms="13674" started-at="2022-05-26T18:41:36 IST" finished-at="2022-05-26T18:41:49 IST">
          <reporter-output>
          </reporter-output>
        </test-method> <!-- launchBrowser -->
        <test-method status="PASS" signature="pageObjects()[pri:0, instance:TestMavenCheck.Test.ProductPageTest@16267862]" name="pageObjects" is-config="true" duration-ms="1" started-at="2022-05-26T18:41:49 IST" finished-at="2022-05-26T18:41:49 IST">
          <reporter-output>
          </reporter-output>
        </test-method> <!-- pageObjects -->
        <test-method status="PASS" signature="varifyAddtoKart()[pri:0, instance:TestMavenCheck.Test.ProductPageTest@16267862]" name="varifyAddtoKart" duration-ms="24413" started-at="2022-05-26T18:41:49 IST" finished-at="2022-05-26T18:42:14 IST">
          <reporter-output>
          </reporter-output>
        </test-method> <!-- varifyAddtoKart -->
        <test-method status="PASS" signature="tearDownBrowser()[pri:0, instance:TestMavenCheck.Test.ProductPageTest@16267862]" name="tearDownBrowser" is-config="true" duration-ms="1088" started-at="2022-05-26T18:42:14 IST" finished-at="2022-05-26T18:42:15 IST">
          <reporter-output>
          </reporter-output>
        </test-method> <!-- tearDownBrowser -->
      </class> <!-- TestMavenCheck.Test.ProductPageTest -->
      <class name="TestMavenCheck.Test.HomePageTest">
        <test-method status="PASS" signature="launchBrowser()[pri:0, instance:TestMavenCheck.Test.HomePageTest@6b67034]" name="launchBrowser" is-config="true" duration-ms="16238" started-at="2022-05-26T18:40:56 IST" finished-at="2022-05-26T18:41:13 IST">
          <reporter-output>
          </reporter-output>
        </test-method> <!-- launchBrowser -->
        <test-method status="PASS" signature="varifySearchItem()[pri:0, instance:TestMavenCheck.Test.HomePageTest@6b67034]" name="varifySearchItem" duration-ms="22015" started-at="2022-05-26T18:41:13 IST" finished-at="2022-05-26T18:41:35 IST">
          <reporter-output>
          </reporter-output>
        </test-method> <!-- varifySearchItem -->
        <test-method status="PASS" signature="pageObjects()[pri:0, instance:TestMavenCheck.Test.HomePageTest@6b67034]" name="pageObjects" is-config="true" duration-ms="0" started-at="2022-05-26T18:41:13 IST" finished-at="2022-05-26T18:41:13 IST">
          <reporter-output>
          </reporter-output>
        </test-method> <!-- pageObjects -->
        <test-method status="PASS" signature="tearDownBrowser()[pri:0, instance:TestMavenCheck.Test.HomePageTest@6b67034]" name="tearDownBrowser" is-config="true" duration-ms="1000" started-at="2022-05-26T18:41:35 IST" finished-at="2022-05-26T18:41:36 IST">
          <reporter-output>
          </reporter-output>
        </test-method> <!-- tearDownBrowser -->
      </class> <!-- TestMavenCheck.Test.HomePageTest -->
      <class name="TestMavenCheck.Test.LoginPageTest">
        <test-method status="PASS" signature="launchBrowser()[pri:0, instance:TestMavenCheck.Test.LoginPageTest@10b48321]" name="launchBrowser" is-config="true" duration-ms="22575" started-at="2022-05-26T18:40:23 IST" finished-at="2022-05-26T18:40:45 IST">
          <reporter-output>
          </reporter-output>
        </test-method> <!-- launchBrowser -->
        <test-method status="PASS" signature="pageObjects()[pri:0, instance:TestMavenCheck.Test.LoginPageTest@10b48321]" name="pageObjects" is-config="true" duration-ms="109" started-at="2022-05-26T18:40:45 IST" finished-at="2022-05-26T18:40:46 IST">
          <reporter-output>
          </reporter-output>
        </test-method> <!-- pageObjects -->
        <test-method status="PASS" signature="varifyLogin()[pri:0, instance:TestMavenCheck.Test.LoginPageTest@10b48321]" name="varifyLogin" duration-ms="8919" started-at="2022-05-26T18:40:46 IST" finished-at="2022-05-26T18:40:54 IST">
          <reporter-output>
          </reporter-output>
        </test-method> <!-- varifyLogin -->
        <test-method status="PASS" signature="pageObjects()[pri:0, instance:TestMavenCheck.Test.LoginPageTest@10b48321]" name="pageObjects" is-config="true" duration-ms="6" started-at="2022-05-26T18:40:55 IST" finished-at="2022-05-26T18:40:55 IST">
          <reporter-output>
          </reporter-output>
        </test-method> <!-- pageObjects -->
        <test-method status="PASS" signature="varifyTopOffers()[pri:0, instance:TestMavenCheck.Test.LoginPageTest@10b48321]" name="varifyTopOffers" duration-ms="495" started-at="2022-05-26T18:40:55 IST" finished-at="2022-05-26T18:40:55 IST">
          <reporter-output>
          </reporter-output>
        </test-method> <!-- varifyTopOffers -->
        <test-method status="PASS" signature="tearDownBrowser()[pri:0, instance:TestMavenCheck.Test.LoginPageTest@10b48321]" name="tearDownBrowser" is-config="true" duration-ms="1303" started-at="2022-05-26T18:40:55 IST" finished-at="2022-05-26T18:40:56 IST">
          <reporter-output>
          </reporter-output>
        </test-method> <!-- tearDownBrowser -->
      </class> <!-- TestMavenCheck.Test.LoginPageTest -->
    </test> <!-- Test -->
  </suite> <!-- Suite -->
</testng-results>
