<?xml version="1.0" encoding="UTF-8"?>
<!-- Generated by org.testng.reporters.JUnitXMLReporter -->
<testsuite hostname="DESKTOP-EDH5CLB" ignored="0" name="Test" tests="6" failures="0" timestamp="2022-05-26T18:42:44 IST" time="140.703" errors="0">
  <testcase name="varifyLogin" time="8.919" classname="TestMavenCheck.Test.LoginPageTest"/>
  <testcase name="varifyTopOffers" time="0.495" classname="TestMavenCheck.Test.LoginPageTest"/>
  <testcase name="varifySearchItem" time="22.015" classname="TestMavenCheck.Test.HomePageTest"/>
  <testcase name="varifyAddtoKart" time="24.413" classname="TestMavenCheck.Test.ProductPageTest"/>
  <testcase name="varifyItemInCart" time="12.318" classname="TestMavenCheck.Test.CartPageTest"/>
  <testcase name="varifyPlaceOrderBtnEnabled" time="0.076" classname="TestMavenCheck.Test.CartPageTest"/>
</testsuite> <!-- Test -->
